find_header: checking for sqlite3.h... -------------------- yes

"gcc -o conftest -I/Users/dekhaus/.rbenv/versions/1.9.3-p448/include/ruby-1.9.1/x86_64-darwin12.5.0 -I/Users/dekhaus/.rbenv/versions/1.9.3-p448/include/ruby-1.9.1/ruby/backward -I/Users/dekhaus/.rbenv/versions/1.9.3-p448/include/ruby-1.9.1 -I. -I'/Users/dekhaus/.rbenv/versions/1.9.3-p448/include'  -D_XOPEN_SOURCE -D_DARWIN_C_SOURCE  -I'/Users/dekhaus/.rbenv/versions/1.9.3-p448/include'   -O3 -Wno-error=shorten-64-to-32  -pipe conftest.c  -L. -L/Users/dekhaus/.rbenv/versions/1.9.3-p448/lib -L. -L'/Users/dekhaus/.rbenv/versions/1.9.3-p448/lib'      -lruby-static  -lpthread -ldl -lobjc "
checked program was:
/* begin */
1: #include "ruby.h"
2: 
3: int main(int argc, char **argv)
4: {
5:   return 0;
6: }
/* end */

"gcc -E -I/Users/dekhaus/.rbenv/versions/1.9.3-p448/include/ruby-1.9.1/x86_64-darwin12.5.0 -I/Users/dekhaus/.rbenv/versions/1.9.3-p448/include/ruby-1.9.1/ruby/backward -I/Users/dekhaus/.rbenv/versions/1.9.3-p448/include/ruby-1.9.1 -I. -I'/Users/dekhaus/.rbenv/versions/1.9.3-p448/include'  -D_XOPEN_SOURCE -D_DARWIN_C_SOURCE  -I'/Users/dekhaus/.rbenv/versions/1.9.3-p448/include'   -O3 -Wno-error=shorten-64-to-32  -pipe  conftest.c -o conftest.i"
checked program was:
/* begin */
1: #include "ruby.h"
2: 
3: #include <sqlite3.h>
/* end */

--------------------

find_library: checking for sqlite3_libversion_number() in -lsqlite3... -------------------- yes

"gcc -o conftest -I/Users/dekhaus/.rbenv/versions/1.9.3-p448/include/ruby-1.9.1/x86_64-darwin12.5.0 -I/Users/dekhaus/.rbenv/versions/1.9.3-p448/include/ruby-1.9.1/ruby/backward -I/Users/dekhaus/.rbenv/versions/1.9.3-p448/include/ruby-1.9.1 -I. -I'/Users/dekhaus/.rbenv/versions/1.9.3-p448/include'  -D_XOPEN_SOURCE -D_DARWIN_C_SOURCE  -I'/Users/dekhaus/.rbenv/versions/1.9.3-p448/include'   -O3 -Wno-error=shorten-64-to-32  -pipe conftest.c  -L. -L/Users/dekhaus/.rbenv/versions/1.9.3-p448/lib -L. -L'/Users/dekhaus/.rbenv/versions/1.9.3-p448/lib'      -lruby-static -lsqlite3  -lpthread -ldl -lobjc "
conftest.c:4:53: error: use of undeclared identifier 'sqlite3_libversion_number'
int t() { void ((*volatile p)()); p = (void ((*)()))sqlite3_libversion_number; return 0; }
                                                    ^
1 error generated.
checked program was:
/* begin */
 1: #include "ruby.h"
 2: 
 3: /*top*/
 4: int t() { void ((*volatile p)()); p = (void ((*)()))sqlite3_libversion_number; return 0; }
 5: int main(int argc, char **argv)
 6: {
 7:   if (argc > 1000000) {
 8:     printf("%p", &t);
 9:   }
10: 
11:   return 0;
12: }
/* end */

"gcc -o conftest -I/Users/dekhaus/.rbenv/versions/1.9.3-p448/include/ruby-1.9.1/x86_64-darwin12.5.0 -I/Users/dekhaus/.rbenv/versions/1.9.3-p448/include/ruby-1.9.1/ruby/backward -I/Users/dekhaus/.rbenv/versions/1.9.3-p448/include/ruby-1.9.1 -I. -I'/Users/dekhaus/.rbenv/versions/1.9.3-p448/include'  -D_XOPEN_SOURCE -D_DARWIN_C_SOURCE  -I'/Users/dekhaus/.rbenv/versions/1.9.3-p448/include'   -O3 -Wno-error=shorten-64-to-32  -pipe conftest.c  -L. -L/Users/dekhaus/.rbenv/versions/1.9.3-p448/lib -L. -L'/Users/dekhaus/.rbenv/versions/1.9.3-p448/lib'      -lruby-static -lsqlite3  -lpthread -ldl -lobjc "
conftest.c:4:11: warning: implicit declaration of function 'sqlite3_libversion_number' is invalid in C99 [-Wimplicit-function-declaration]
int t() { sqlite3_libversion_number(); return 0; }
          ^
1 warning generated.
checked program was:
/* begin */
 1: #include "ruby.h"
 2: 
 3: /*top*/
 4: int t() { sqlite3_libversion_number(); return 0; }
 5: int main(int argc, char **argv)
 6: {
 7:   if (argc > 1000000) {
 8:     printf("%p", &t);
 9:   }
10: 
11:   return 0;
12: }
/* end */

--------------------

have_func: checking for rb_proc_arity()... -------------------- yes

"gcc -o conftest -I/Users/dekhaus/.rbenv/versions/1.9.3-p448/include/ruby-1.9.1/x86_64-darwin12.5.0 -I/Users/dekhaus/.rbenv/versions/1.9.3-p448/include/ruby-1.9.1/ruby/backward -I/Users/dekhaus/.rbenv/versions/1.9.3-p448/include/ruby-1.9.1 -I. -I'/Users/dekhaus/.rbenv/versions/1.9.3-p448/include'  -D_XOPEN_SOURCE -D_DARWIN_C_SOURCE  -I'/Users/dekhaus/.rbenv/versions/1.9.3-p448/include'   -O3 -Wno-error=shorten-64-to-32  -pipe conftest.c  -L. -L/Users/dekhaus/.rbenv/versions/1.9.3-p448/lib -L. -L'/Users/dekhaus/.rbenv/versions/1.9.3-p448/lib'     -lsqlite3  -lruby-static -lsqlite3  -lpthread -ldl -lobjc "
checked program was:
/* begin */
 1: #include "ruby.h"
 2: 
 3: /*top*/
 4: int t() { void ((*volatile p)()); p = (void ((*)()))rb_proc_arity; return 0; }
 5: int main(int argc, char **argv)
 6: {
 7:   if (argc > 1000000) {
 8:     printf("%p", &t);
 9:   }
10: 
11:   return 0;
12: }
/* end */

--------------------

have_func: checking for sqlite3_initialize()... -------------------- yes

"gcc -o conftest -I/Users/dekhaus/.rbenv/versions/1.9.3-p448/include/ruby-1.9.1/x86_64-darwin12.5.0 -I/Users/dekhaus/.rbenv/versions/1.9.3-p448/include/ruby-1.9.1/ruby/backward -I/Users/dekhaus/.rbenv/versions/1.9.3-p448/include/ruby-1.9.1 -I. -I'/Users/dekhaus/.rbenv/versions/1.9.3-p448/include'  -D_XOPEN_SOURCE -D_DARWIN_C_SOURCE  -I'/Users/dekhaus/.rbenv/versions/1.9.3-p448/include'   -O3 -Wno-error=shorten-64-to-32  -pipe conftest.c  -L. -L/Users/dekhaus/.rbenv/versions/1.9.3-p448/lib -L. -L'/Users/dekhaus/.rbenv/versions/1.9.3-p448/lib'     -lsqlite3  -lruby-static -lsqlite3  -lpthread -ldl -lobjc "
conftest.c:4:53: error: use of undeclared identifier 'sqlite3_initialize'
int t() { void ((*volatile p)()); p = (void ((*)()))sqlite3_initialize; return 0; }
                                                    ^
1 error generated.
checked program was:
/* begin */
 1: #include "ruby.h"
 2: 
 3: /*top*/
 4: int t() { void ((*volatile p)()); p = (void ((*)()))sqlite3_initialize; return 0; }
 5: int main(int argc, char **argv)
 6: {
 7:   if (argc > 1000000) {
 8:     printf("%p", &t);
 9:   }
10: 
11:   return 0;
12: }
/* end */

"gcc -o conftest -I/Users/dekhaus/.rbenv/versions/1.9.3-p448/include/ruby-1.9.1/x86_64-darwin12.5.0 -I/Users/dekhaus/.rbenv/versions/1.9.3-p448/include/ruby-1.9.1/ruby/backward -I/Users/dekhaus/.rbenv/versions/1.9.3-p448/include/ruby-1.9.1 -I. -I'/Users/dekhaus/.rbenv/versions/1.9.3-p448/include'  -D_XOPEN_SOURCE -D_DARWIN_C_SOURCE  -I'/Users/dekhaus/.rbenv/versions/1.9.3-p448/include'   -O3 -Wno-error=shorten-64-to-32  -pipe conftest.c  -L. -L/Users/dekhaus/.rbenv/versions/1.9.3-p448/lib -L. -L'/Users/dekhaus/.rbenv/versions/1.9.3-p448/lib'     -lsqlite3  -lruby-static -lsqlite3  -lpthread -ldl -lobjc "
conftest.c:4:11: warning: implicit declaration of function 'sqlite3_initialize' is invalid in C99 [-Wimplicit-function-declaration]
int t() { sqlite3_initialize(); return 0; }
          ^
1 warning generated.
checked program was:
/* begin */
 1: #include "ruby.h"
 2: 
 3: /*top*/
 4: int t() { sqlite3_initialize(); return 0; }
 5: int main(int argc, char **argv)
 6: {
 7:   if (argc > 1000000) {
 8:     printf("%p", &t);
 9:   }
10: 
11:   return 0;
12: }
/* end */

--------------------

have_func: checking for sqlite3_backup_init()... -------------------- yes

"gcc -o conftest -I/Users/dekhaus/.rbenv/versions/1.9.3-p448/include/ruby-1.9.1/x86_64-darwin12.5.0 -I/Users/dekhaus/.rbenv/versions/1.9.3-p448/include/ruby-1.9.1/ruby/backward -I/Users/dekhaus/.rbenv/versions/1.9.3-p448/include/ruby-1.9.1 -I. -I'/Users/dekhaus/.rbenv/versions/1.9.3-p448/include'  -D_XOPEN_SOURCE -D_DARWIN_C_SOURCE  -I'/Users/dekhaus/.rbenv/versions/1.9.3-p448/include'   -O3 -Wno-error=shorten-64-to-32  -pipe conftest.c  -L. -L/Users/dekhaus/.rbenv/versions/1.9.3-p448/lib -L. -L'/Users/dekhaus/.rbenv/versions/1.9.3-p448/lib'     -lsqlite3  -lruby-static -lsqlite3  -lpthread -ldl -lobjc "
conftest.c:4:53: error: use of undeclared identifier 'sqlite3_backup_init'
int t() { void ((*volatile p)()); p = (void ((*)()))sqlite3_backup_init; return 0; }
                                                    ^
1 error generated.
checked program was:
/* begin */
 1: #include "ruby.h"
 2: 
 3: /*top*/
 4: int t() { void ((*volatile p)()); p = (void ((*)()))sqlite3_backup_init; return 0; }
 5: int main(int argc, char **argv)
 6: {
 7:   if (argc > 1000000) {
 8:     printf("%p", &t);
 9:   }
10: 
11:   return 0;
12: }
/* end */

"gcc -o conftest -I/Users/dekhaus/.rbenv/versions/1.9.3-p448/include/ruby-1.9.1/x86_64-darwin12.5.0 -I/Users/dekhaus/.rbenv/versions/1.9.3-p448/include/ruby-1.9.1/ruby/backward -I/Users/dekhaus/.rbenv/versions/1.9.3-p448/include/ruby-1.9.1 -I. -I'/Users/dekhaus/.rbenv/versions/1.9.3-p448/include'  -D_XOPEN_SOURCE -D_DARWIN_C_SOURCE  -I'/Users/dekhaus/.rbenv/versions/1.9.3-p448/include'   -O3 -Wno-error=shorten-64-to-32  -pipe conftest.c  -L. -L/Users/dekhaus/.rbenv/versions/1.9.3-p448/lib -L. -L'/Users/dekhaus/.rbenv/versions/1.9.3-p448/lib'     -lsqlite3  -lruby-static -lsqlite3  -lpthread -ldl -lobjc "
conftest.c:4:11: warning: implicit declaration of function 'sqlite3_backup_init' is invalid in C99 [-Wimplicit-function-declaration]
int t() { sqlite3_backup_init(); return 0; }
          ^
1 warning generated.
checked program was:
/* begin */
 1: #include "ruby.h"
 2: 
 3: /*top*/
 4: int t() { sqlite3_backup_init(); return 0; }
 5: int main(int argc, char **argv)
 6: {
 7:   if (argc > 1000000) {
 8:     printf("%p", &t);
 9:   }
10: 
11:   return 0;
12: }
/* end */

--------------------

have_func: checking for sqlite3_column_database_name()... -------------------- no

"gcc -o conftest -I/Users/dekhaus/.rbenv/versions/1.9.3-p448/include/ruby-1.9.1/x86_64-darwin12.5.0 -I/Users/dekhaus/.rbenv/versions/1.9.3-p448/include/ruby-1.9.1/ruby/backward -I/Users/dekhaus/.rbenv/versions/1.9.3-p448/include/ruby-1.9.1 -I. -I'/Users/dekhaus/.rbenv/versions/1.9.3-p448/include'  -D_XOPEN_SOURCE -D_DARWIN_C_SOURCE  -I'/Users/dekhaus/.rbenv/versions/1.9.3-p448/include'   -O3 -Wno-error=shorten-64-to-32  -pipe conftest.c  -L. -L/Users/dekhaus/.rbenv/versions/1.9.3-p448/lib -L. -L'/Users/dekhaus/.rbenv/versions/1.9.3-p448/lib'     -lsqlite3  -lruby-static -lsqlite3  -lpthread -ldl -lobjc "
conftest.c:4:53: error: use of undeclared identifier 'sqlite3_column_database_name'
int t() { void ((*volatile p)()); p = (void ((*)()))sqlite3_column_database_name; return 0; }
                                                    ^
1 error generated.
checked program was:
/* begin */
 1: #include "ruby.h"
 2: 
 3: /*top*/
 4: int t() { void ((*volatile p)()); p = (void ((*)()))sqlite3_column_database_name; return 0; }
 5: int main(int argc, char **argv)
 6: {
 7:   if (argc > 1000000) {
 8:     printf("%p", &t);
 9:   }
10: 
11:   return 0;
12: }
/* end */

"gcc -o conftest -I/Users/dekhaus/.rbenv/versions/1.9.3-p448/include/ruby-1.9.1/x86_64-darwin12.5.0 -I/Users/dekhaus/.rbenv/versions/1.9.3-p448/include/ruby-1.9.1/ruby/backward -I/Users/dekhaus/.rbenv/versions/1.9.3-p448/include/ruby-1.9.1 -I. -I'/Users/dekhaus/.rbenv/versions/1.9.3-p448/include'  -D_XOPEN_SOURCE -D_DARWIN_C_SOURCE  -I'/Users/dekhaus/.rbenv/versions/1.9.3-p448/include'   -O3 -Wno-error=shorten-64-to-32  -pipe conftest.c  -L. -L/Users/dekhaus/.rbenv/versions/1.9.3-p448/lib -L. -L'/Users/dekhaus/.rbenv/versions/1.9.3-p448/lib'     -lsqlite3  -lruby-static -lsqlite3  -lpthread -ldl -lobjc "
conftest.c:4:11: warning: implicit declaration of function 'sqlite3_column_database_name' is invalid in C99 [-Wimplicit-function-declaration]
int t() { sqlite3_column_database_name(); return 0; }
          ^
1 warning generated.
Undefined symbols for architecture x86_64:
  "_sqlite3_column_database_name", referenced from:
      _t in conftest-ATWanc.o
ld: symbol(s) not found for architecture x86_64
clang: error: linker command failed with exit code 1 (use -v to see invocation)
checked program was:
/* begin */
 1: #include "ruby.h"
 2: 
 3: /*top*/
 4: int t() { sqlite3_column_database_name(); return 0; }
 5: int main(int argc, char **argv)
 6: {
 7:   if (argc > 1000000) {
 8:     printf("%p", &t);
 9:   }
10: 
11:   return 0;
12: }
/* end */

--------------------

have_func: checking for sqlite3_enable_load_extension()... -------------------- no

"gcc -o conftest -I/Users/dekhaus/.rbenv/versions/1.9.3-p448/include/ruby-1.9.1/x86_64-darwin12.5.0 -I/Users/dekhaus/.rbenv/versions/1.9.3-p448/include/ruby-1.9.1/ruby/backward -I/Users/dekhaus/.rbenv/versions/1.9.3-p448/include/ruby-1.9.1 -I. -I'/Users/dekhaus/.rbenv/versions/1.9.3-p448/include'  -D_XOPEN_SOURCE -D_DARWIN_C_SOURCE  -I'/Users/dekhaus/.rbenv/versions/1.9.3-p448/include'   -O3 -Wno-error=shorten-64-to-32  -pipe conftest.c  -L. -L/Users/dekhaus/.rbenv/versions/1.9.3-p448/lib -L. -L'/Users/dekhaus/.rbenv/versions/1.9.3-p448/lib'     -lsqlite3  -lruby-static -lsqlite3  -lpthread -ldl -lobjc "
conftest.c:4:53: error: use of undeclared identifier 'sqlite3_enable_load_extension'
int t() { void ((*volatile p)()); p = (void ((*)()))sqlite3_enable_load_extension; return 0; }
                                                    ^
1 error generated.
checked program was:
/* begin */
 1: #include "ruby.h"
 2: 
 3: /*top*/
 4: int t() { void ((*volatile p)()); p = (void ((*)()))sqlite3_enable_load_extension; return 0; }
 5: int main(int argc, char **argv)
 6: {
 7:   if (argc > 1000000) {
 8:     printf("%p", &t);
 9:   }
10: 
11:   return 0;
12: }
/* end */

"gcc -o conftest -I/Users/dekhaus/.rbenv/versions/1.9.3-p448/include/ruby-1.9.1/x86_64-darwin12.5.0 -I/Users/dekhaus/.rbenv/versions/1.9.3-p448/include/ruby-1.9.1/ruby/backward -I/Users/dekhaus/.rbenv/versions/1.9.3-p448/include/ruby-1.9.1 -I. -I'/Users/dekhaus/.rbenv/versions/1.9.3-p448/include'  -D_XOPEN_SOURCE -D_DARWIN_C_SOURCE  -I'/Users/dekhaus/.rbenv/versions/1.9.3-p448/include'   -O3 -Wno-error=shorten-64-to-32  -pipe conftest.c  -L. -L/Users/dekhaus/.rbenv/versions/1.9.3-p448/lib -L. -L'/Users/dekhaus/.rbenv/versions/1.9.3-p448/lib'     -lsqlite3  -lruby-static -lsqlite3  -lpthread -ldl -lobjc "
conftest.c:4:11: warning: implicit declaration of function 'sqlite3_enable_load_extension' is invalid in C99 [-Wimplicit-function-declaration]
int t() { sqlite3_enable_load_extension(); return 0; }
          ^
1 warning generated.
Undefined symbols for architecture x86_64:
  "_sqlite3_enable_load_extension", referenced from:
      _t in conftest-lucgP7.o
ld: symbol(s) not found for architecture x86_64
clang: error: linker command failed with exit code 1 (use -v to see invocation)
checked program was:
/* begin */
 1: #include "ruby.h"
 2: 
 3: /*top*/
 4: int t() { sqlite3_enable_load_extension(); return 0; }
 5: int main(int argc, char **argv)
 6: {
 7:   if (argc > 1000000) {
 8:     printf("%p", &t);
 9:   }
10: 
11:   return 0;
12: }
/* end */

--------------------

have_func: checking for sqlite3_load_extension()... -------------------- no

"gcc -o conftest -I/Users/dekhaus/.rbenv/versions/1.9.3-p448/include/ruby-1.9.1/x86_64-darwin12.5.0 -I/Users/dekhaus/.rbenv/versions/1.9.3-p448/include/ruby-1.9.1/ruby/backward -I/Users/dekhaus/.rbenv/versions/1.9.3-p448/include/ruby-1.9.1 -I. -I'/Users/dekhaus/.rbenv/versions/1.9.3-p448/include'  -D_XOPEN_SOURCE -D_DARWIN_C_SOURCE  -I'/Users/dekhaus/.rbenv/versions/1.9.3-p448/include'   -O3 -Wno-error=shorten-64-to-32  -pipe conftest.c  -L. -L/Users/dekhaus/.rbenv/versions/1.9.3-p448/lib -L. -L'/Users/dekhaus/.rbenv/versions/1.9.3-p448/lib'     -lsqlite3  -lruby-static -lsqlite3  -lpthread -ldl -lobjc "
conftest.c:4:53: error: use of undeclared identifier 'sqlite3_load_extension'
int t() { void ((*volatile p)()); p = (void ((*)()))sqlite3_load_extension; return 0; }
                                                    ^
1 error generated.
checked program was:
/* begin */
 1: #include "ruby.h"
 2: 
 3: /*top*/
 4: int t() { void ((*volatile p)()); p = (void ((*)()))sqlite3_load_extension; return 0; }
 5: int main(int argc, char **argv)
 6: {
 7:   if (argc > 1000000) {
 8:     printf("%p", &t);
 9:   }
10: 
11:   return 0;
12: }
/* end */

"gcc -o conftest -I/Users/dekhaus/.rbenv/versions/1.9.3-p448/include/ruby-1.9.1/x86_64-darwin12.5.0 -I/Users/dekhaus/.rbenv/versions/1.9.3-p448/include/ruby-1.9.1/ruby/backward -I/Users/dekhaus/.rbenv/versions/1.9.3-p448/include/ruby-1.9.1 -I. -I'/Users/dekhaus/.rbenv/versions/1.9.3-p448/include'  -D_XOPEN_SOURCE -D_DARWIN_C_SOURCE  -I'/Users/dekhaus/.rbenv/versions/1.9.3-p448/include'   -O3 -Wno-error=shorten-64-to-32  -pipe conftest.c  -L. -L/Users/dekhaus/.rbenv/versions/1.9.3-p448/lib -L. -L'/Users/dekhaus/.rbenv/versions/1.9.3-p448/lib'     -lsqlite3  -lruby-static -lsqlite3  -lpthread -ldl -lobjc "
conftest.c:4:11: warning: implicit declaration of function 'sqlite3_load_extension' is invalid in C99 [-Wimplicit-function-declaration]
int t() { sqlite3_load_extension(); return 0; }
          ^
1 warning generated.
Undefined symbols for architecture x86_64:
  "_sqlite3_load_extension", referenced from:
      _t in conftest-p2pCJS.o
ld: symbol(s) not found for architecture x86_64
clang: error: linker command failed with exit code 1 (use -v to see invocation)
checked program was:
/* begin */
 1: #include "ruby.h"
 2: 
 3: /*top*/
 4: int t() { sqlite3_load_extension(); return 0; }
 5: int main(int argc, char **argv)
 6: {
 7:   if (argc > 1000000) {
 8:     printf("%p", &t);
 9:   }
10: 
11:   return 0;
12: }
/* end */

--------------------

